<?xml version="1.0" encoding="UTF-8"?>
<!-- Generated by org.testng.reporters.JUnitXMLReporter -->
<testsuite hostname="DESKTOP-CKN6JF2" ignored="0" name="Default test" tests="3" failures="0" timestamp="12 Sep 2018 20:50:11 GMT" time="6.016" errors="0">
  <testcase name="verifyGitHubRepositorySearchAPIforInvalidUser" time="2.035" classname="com.githubrestapi.com.githubrestapi.GitHubRepositorySearchTests"/>
  <testcase name="verifyGitHubRepositorySearchAPIforPagination" time="2.237" classname="com.githubrestapi.com.githubrestapi.GitHubRepositorySearchTests"/>
  <testcase name="verifyGitHubRepositorySearchAPIforUserMozilla" time="1.703" classname="com.githubrestapi.com.githubrestapi.GitHubRepositorySearchTests"/>
</testsuite> <!-- Default test -->
