<?xml version="1.0" encoding="UTF-8"?>
<testng-results skipped="0" failed="0" ignored="0" total="3" passed="3">
  <reporter-output>
  </reporter-output>
  <suite name="Default suite" duration-ms="6016" started-at="2018-09-12T20:50:05Z" finished-at="2018-09-12T20:50:11Z">
    <groups>
    </groups>
    <test name="Default test" duration-ms="6016" started-at="2018-09-12T20:50:05Z" finished-at="2018-09-12T20:50:11Z">
      <class name="com.githubrestapi.com.githubrestapi.GitHubRepositorySearchTests">
        <test-method status="PASS" signature="setup()[pri:0, instance:com.githubrestapi.com.githubrestapi.GitHubRepositorySearchTests@6a4f787b]" name="setup" is-config="true" duration-ms="12" started-at="2018-09-12T20:50:05Z" finished-at="2018-09-12T20:50:05Z">
          <reporter-output>
          </reporter-output>
        </test-method> <!-- setup -->
        <test-method status="PASS" signature="verifyGitHubRepositorySearchAPIforInvalidUser()[pri:0, instance:com.githubrestapi.com.githubrestapi.GitHubRepositorySearchTests@6a4f787b]" name="verifyGitHubRepositorySearchAPIforInvalidUser" duration-ms="2035" started-at="2018-09-12T20:50:05Z" finished-at="2018-09-12T20:50:07Z">
          <reporter-output>
          </reporter-output>
        </test-method> <!-- verifyGitHubRepositorySearchAPIforInvalidUser -->
        <test-method status="PASS" signature="verifyGitHubRepositorySearchAPIforPagination()[pri:0, instance:com.githubrestapi.com.githubrestapi.GitHubRepositorySearchTests@6a4f787b]" name="verifyGitHubRepositorySearchAPIforPagination" duration-ms="2237" started-at="2018-09-12T20:50:07Z" finished-at="2018-09-12T20:50:09Z">
          <reporter-output>
          </reporter-output>
        </test-method> <!-- verifyGitHubRepositorySearchAPIforPagination -->
        <test-method status="PASS" signature="verifyGitHubRepositorySearchAPIforUserMozilla()[pri:0, instance:com.githubrestapi.com.githubrestapi.GitHubRepositorySearchTests@6a4f787b]" name="verifyGitHubRepositorySearchAPIforUserMozilla" duration-ms="1703" started-at="2018-09-12T20:50:09Z" finished-at="2018-09-12T20:50:11Z">
          <reporter-output>
          </reporter-output>
        </test-method> <!-- verifyGitHubRepositorySearchAPIforUserMozilla -->
        <test-method status="PASS" signature="tearDown()[pri:0, instance:com.githubrestapi.com.githubrestapi.GitHubRepositorySearchTests@6a4f787b]" name="tearDown" is-config="true" duration-ms="1" started-at="2018-09-12T20:50:11Z" finished-at="2018-09-12T20:50:11Z">
          <reporter-output>
          </reporter-output>
        </test-method> <!-- tearDown -->
      </class> <!-- com.githubrestapi.com.githubrestapi.GitHubRepositorySearchTests -->
    </test> <!-- Default test -->
  </suite> <!-- Default suite -->
</testng-results>
